Africa/Casablanca 30 seconds
America/Bahia_Banderas 31 seconds
America/Caracas 31 seconds
America/Punta_Arenas 32 seconds
Africa/Accra 06 seconds
Africa/Abidjan 59 seconds
Africa/Abidjan 06 seconds
America/Nassau 09 seconds
Africa/Abidjan 12 seconds
Africa/Accra 12 seconds
America/Nassau 15 seconds
Africa/Abidjan 16 seconds
Africa/Accra 17 seconds
Africa/Accra 50 seconds
Africa/Abidjan 46 seconds
Africa/Accra 46 seconds
Africa/Accra 56 seconds
America/Nassau 20 seconds
Africa/Accra 21 seconds
Africa/Abidjan 22 seconds
Africa/Accra 28 seconds
Africa/Accra 35 seconds
Africa/Accra 41 seconds
